IQ-TREE multicore version 2.3.6 for Linux x86 64-bit built Aug  1 2024
Developed by Bui Quang Minh, Nguyen Lam Tung, Olga Chernomor, Heiko Schmidt,
Dominik Schrempf, Michael Woodhams, Ly Trong Nhan, Thomas Wong

Host:    archx1 (AVX2, FMA3, 15 GB RAM)
Command: iqtree -s all_species_rbcL_aligned.fasta -m TESTNEW -bb 1000 -alrt 1000 -seed 317582 --undo -safe
Seed:    317582 (Using SPRNG - Scalable Parallel Random Number Generator)
Time:    Mon Aug 26 16:20:50 2024
Kernel:  Safe AVX+FMA - 1 threads (8 CPU cores detected)

HINT: Use -nt option to specify number of threads because your CPU has 8 cores!
HINT: -nt AUTO will automatically determine the best number of threads to use.

WARNING: Number of command-line arguments differs from checkpoint
WARNING: Command-line differs from checkpoint!
Reading alignment file all_species_rbcL_aligned.fasta ... Fasta format detected
Reading fasta file: done in 0.000163927 secs using 49.41% CPU
Alignment most likely contains DNA/RNA sequences
Alignment has 7 sequences with 553 columns, 89 distinct patterns
42 parsimony-informative, 38 singleton sites, 473 constant sites
            Gap/Ambiguity  Composition  p-value
Analyzing sequences: done in 1.2241e-05 secs using 40.85% CPU
   1  GQ981712.1    0.00%    passed     96.12%
   2  GQ981761.1    0.00%    passed     98.53%
   3  GQ981898.1    6.15%    passed     97.85%
   4  GQ981702.1    6.15%    passed     97.19%
   5  GQ981725.1    0.00%    passed     88.60%
   6  GQ981782.1    0.00%    passed     96.65%
   7  GQ981666.1    7.23%    passed     95.30%
****  TOTAL         2.79%  0 sequences failed composition chi2 test (p-value<5%; df=3)

NOTE: Restoring information from model checkpoint file all_species_rbcL_aligned.fasta.model.gz

CHECKPOINT: Initial tree restored
Perform fast likelihood tree search using GTR+I+G model...
CHECKPOINT: Tree restored, LogL: -1401.492
NOTE: ModelFinder requires 0 MB RAM!
ModelFinder will test up to 484 DNA models (sample size: 553 epsilon: 0.100) ...
 No. Model         -LnL         df  AIC          AICc         BIC
  1  GTR+F         1407.397     19  2852.794     2854.220     2934.786
  2  GTR+F+I       1374.646     20  2789.292     2790.871     2875.600
  3  GTR+F+G4      1374.880     20  2789.759     2791.338     2876.066
  4  GTR+F+I+G4    1375.777     21  2793.554     2795.294     2884.177
  5  GTR+F+R2      1374.667     21  2791.334     2793.075     2881.957
  6  GTR+F+R3      1374.736     23  2795.472     2797.558     2894.725
 14  GTR+F+I+R2    1374.674     22  2793.348     2795.258     2888.286
 15  GTR+F+I+R3    1374.738     24  2797.476     2799.749     2901.045
 24  SYM+I         1380.124     17  2794.248     2795.392     2867.609
 25  SYM+G4        1380.470     17  2794.939     2796.083     2868.300
 26  SYM+I+G4      1381.070     18  2798.141     2799.421     2875.817
 27  SYM+R2        1380.129     18  2796.258     2797.539     2873.934
 46  TVM+F+I       1374.762     19  2787.524     2788.949     2869.515
 47  TVM+F+G4      1374.996     19  2787.991     2789.417     2869.983
 48  TVM+F+I+G4    1375.973     20  2791.946     2793.525     2878.254
 49  TVM+F+R2      1374.761     20  2789.522     2791.101     2875.829
 68  TVMe+I        1380.320     16  2792.641     2793.656     2861.686
 69  TVMe+G4       1380.665     16  2793.331     2794.346     2862.376
 70  TVMe+I+G4     1381.389     17  2796.778     2797.922     2870.139
 71  TVMe+R2       1380.321     17  2794.643     2795.787     2868.004
 90  TIM3+F+I      1375.234     18  2786.468     2787.748     2864.144
 91  TIM3+F+G4     1375.463     18  2786.926     2788.206     2864.602
 92  TIM3+F+I+G4   1376.369     19  2790.738     2792.164     2872.730
 93  TIM3+F+R2     1375.234     19  2788.469     2789.895     2870.461
112  TIM3e+I       1380.469     15  2790.938     2791.831     2855.668
113  TIM3e+G4      1380.811     15  2791.622     2792.516     2856.352
114  TIM3e+I+G4    1381.424     16  2794.849     2795.863     2863.894
115  TIM3e+R2      1380.470     16  2792.939     2793.954     2861.985
134  TIM2+F+I      1375.407     18  2786.813     2788.094     2864.490
135  TIM2+F+G4     1375.664     18  2787.329     2788.610     2865.005
136  TIM2+F+I+G4   1376.487     19  2790.974     2792.399     2872.965
137  TIM2+F+R2     1375.407     19  2788.813     2790.239     2870.805
156  TIM2e+I       1380.486     15  2790.972     2791.866     2855.702
157  TIM2e+G4      1380.840     15  2791.679     2792.573     2856.410
158  TIM2e+I+G4    1381.402     16  2794.805     2795.820     2863.851
159  TIM2e+R2      1380.487     16  2792.974     2793.989     2862.020
178  TIM+F+I       1375.492     18  2786.983     2788.264     2864.660
179  TIM+F+G4      1375.762     18  2787.524     2788.805     2865.200
180  TIM+F+I+G4    1376.538     19  2791.076     2792.502     2873.068
181  TIM+F+R2      1375.492     19  2788.983     2790.409     2870.975
200  TIMe+I        1380.284     15  2790.568     2791.462     2855.298
201  TIMe+G4       1380.645     15  2791.290     2792.184     2856.020
202  TIMe+I+G4     1381.166     16  2794.332     2795.347     2863.378
203  TIMe+R2       1380.285     16  2792.571     2793.586     2861.617
222  TPM3u+F+I     1375.350     17  2784.699     2785.843     2858.061
223  TPM3u+F+G4    1375.585     17  2785.170     2786.314     2858.532
224  TPM3u+F+I+G4  1376.543     18  2789.086     2790.367     2866.763
225  TPM3u+F+R2    1375.350     18  2786.700     2787.981     2864.376
244  TPM3+I        1380.662     14  2789.325     2790.105     2849.740
245  TPM3+G4       1381.005     14  2790.009     2790.790     2850.424
246  TPM3+I+G4     1381.712     15  2793.423     2794.317     2858.153
247  TPM3+R2       1380.662     15  2791.325     2792.219     2856.055
266  TPM2u+F+I     1375.511     17  2785.022     2786.166     2858.384
267  TPM2u+F+G4    1375.776     17  2785.552     2786.696     2858.913
268  TPM2u+F+I+G4  1376.643     18  2789.285     2790.566     2866.962
269  TPM2u+F+R2    1375.511     18  2787.023     2788.304     2864.699
288  TPM2+I        1380.681     14  2789.363     2790.144     2849.778
289  TPM2+G4       1381.036     14  2790.072     2790.853     2850.488
290  TPM2+I+G4     1381.691     15  2793.383     2794.277     2858.113
291  TPM2+R2       1380.682     15  2791.364     2792.257     2856.094
310  K3Pu+F+I      1375.600     17  2785.200     2786.344     2858.561
311  K3Pu+F+G4     1375.877     17  2785.754     2786.898     2859.115
312  K3Pu+F+I+G4   1376.699     18  2789.398     2790.679     2867.074
313  K3Pu+F+R2     1375.600     18  2787.200     2788.481     2864.877
332  K3P+I         1380.480     14  2788.961     2789.742     2849.376
333  K3P+G4        1380.841     14  2789.683     2790.464     2850.098
334  K3P+I+G4      1381.454     15  2792.908     2793.802     2857.638
335  K3P+R2        1380.481     15  2790.962     2791.856     2855.693
354  TN+F+I        1375.703     17  2785.406     2786.550     2858.767
355  TN+F+G4       1375.967     17  2785.934     2787.078     2859.295
356  TN+F+I+G4     1376.731     18  2789.462     2790.743     2867.139
357  TN+F+R2       1375.703     18  2787.407     2788.688     2865.083
376  TNe+I         1380.551     14  2789.101     2789.882     2849.516
377  TNe+G4        1380.907     14  2789.813     2790.594     2850.228
378  TNe+I+G4      1381.418     15  2792.835     2793.729     2857.565
379  TNe+R2        1380.552     15  2791.103     2791.997     2855.834
398  HKY+F+I       1375.811     16  2783.622     2784.637     2852.668
399  HKY+F+G4      1376.082     16  2784.164     2785.179     2853.209
400  HKY+F+I+G4    1376.909     17  2787.818     2788.962     2861.180
401  HKY+F+R2      1375.812     17  2785.623     2786.767     2858.984
420  K2P+I         1380.744     13  2787.488     2788.163     2843.587
421  K2P+G4        1381.101     13  2788.202     2788.878     2844.302
422  K2P+I+G4      1381.719     14  2791.439     2792.219     2851.854
423  K2P+R2        1380.745     14  2789.490     2790.271     2849.905
442  F81+F+I       1400.297     15  2830.594     2831.488     2895.324
443  F81+F+G4      1400.446     15  2830.893     2831.787     2895.623
444  F81+F+I+G4    1401.475     16  2834.951     2835.966     2903.996
445  F81+F+R2      1400.300     16  2832.600     2833.614     2901.645
464  JC+I          1404.966     12  2833.933     2834.510     2885.717
465  JC+G4         1405.141     12  2834.282     2834.860     2886.066
466  JC+I+G4       1406.084     13  2838.169     2838.844     2894.268
467  JC+R2         1404.966     13  2835.933     2836.608     2892.033
Akaike Information Criterion:           HKY+F+I
Corrected Akaike Information Criterion: HKY+F+I
Bayesian Information Criterion:         K2P+I
Best-fit model: K2P+I chosen according to BIC

All model information printed to all_species_rbcL_aligned.fasta.model.gz
CPU time for ModelFinder: 0.013 seconds (0h:0m:0s)
Wall-clock time for ModelFinder: 0.019 seconds (0h:0m:0s)
Generating 1000 samples for ultrafast bootstrap (seed: 317582)...
CHECKPOINT: 1000 UFBoot trees and 6 UFBootSplits restored

NOTE: 0 MB RAM (0 GB) is required!
CHECKPOINT: Model parameters restored, LogL: -1380.744
Wrote distance file to... 
--------------------------------------------------------------------
|             INITIALIZING CANDIDATE TREE SET                      |
--------------------------------------------------------------------
CHECKPOINT: Candidate tree set restored, best LogL: -1380.744
Finish initializing candidate tree set (4)
Current best tree score: -1380.744 / CPU time: 0.000
Number of iterations: 300
--------------------------------------------------------------------
|               OPTIMIZING CANDIDATE TREE SET                      |
--------------------------------------------------------------------
Iteration 310 / LogL: -1385.810 / Time: 0h:0m:0s (0h:0m:0s left)
Iteration 320 / LogL: -1380.804 / Time: 0h:0m:0s (0h:0m:0s left)
Iteration 330 / LogL: -1380.793 / Time: 0h:0m:0s (0h:0m:0s left)
Iteration 340 / LogL: -1380.744 / Time: 0h:0m:0s (0h:0m:0s left)
Iteration 350 / LogL: -1380.748 / Time: 0h:0m:0s (0h:0m:0s left)
Log-likelihood cutoff on original alignment: -1398.094
Iteration 360 / LogL: -1380.757 / Time: 0h:0m:0s (0h:0m:0s left)
Iteration 370 / LogL: -1380.744 / Time: 0h:0m:0s (0h:0m:0s left)
Iteration 380 / LogL: -1380.747 / Time: 0h:0m:0s (0h:0m:0s left)
Iteration 390 / LogL: -1385.810 / Time: 0h:0m:0s (0h:0m:0s left)
Iteration 400 / LogL: -1380.793 / Time: 0h:0m:0s (0h:0m:0s left)
Log-likelihood cutoff on original alignment: -1398.094
NOTE: Bootstrap correlation coefficient of split occurrence frequencies: 1.000
TREE SEARCH COMPLETED AFTER 400 ITERATIONS / Time: 0h:0m:0s

--------------------------------------------------------------------
|                    FINALIZING TREE SEARCH                        |
--------------------------------------------------------------------
CHECKPOINT: Final model parameters restored
BEST SCORE FOUND : -1380.744

Testing tree branches by SH-like aLRT with 1000 replicates...
0.044 sec.
Creating bootstrap support values...
Split supports printed to NEXUS file all_species_rbcL_aligned.fasta.splits.nex
Total tree length: 0.250

Total number of iterations: 400
CPU time used for tree search: 0.392 sec (0h:0m:0s)
Wall-clock time used for tree search: 0.406 sec (0h:0m:0s)
Total CPU time used: 0.481 sec (0h:0m:0s)
Total wall-clock time used: 0.502 sec (0h:0m:0s)

Computing bootstrap consensus tree...
Reading input file all_species_rbcL_aligned.fasta.splits.nex...
7 taxa and 37 splits.
Consensus tree written to all_species_rbcL_aligned.fasta.contree
Reading input trees file all_species_rbcL_aligned.fasta.contree
Log-likelihood of consensus tree: -1380.744

Analysis results written to: 
  IQ-TREE report:                all_species_rbcL_aligned.fasta.iqtree
  Maximum-likelihood tree:       all_species_rbcL_aligned.fasta.treefile
  Likelihood distances:          all_species_rbcL_aligned.fasta.mldist

Ultrafast bootstrap approximation results written to:
  Split support values:          all_species_rbcL_aligned.fasta.splits.nex
  Consensus tree:                all_species_rbcL_aligned.fasta.contree
  Screen log file:               all_species_rbcL_aligned.fasta.log

Date and Time: Mon Aug 26 16:20:50 2024
